<?xml version="1.0" encoding="UTF-8"?>
<!-- Generated by org.testng.reporters.JUnitReportReporter -->
<testsuite hostname="DESKTOP-0UNA812" name="com.tests.TS_Register" tests="1" failures="0" timestamp="18 Sep 2021 13:51:36 GMT" time="14.820" errors="0">
  <testcase name="TC_Userid_01" time="14.820" classname="com.tests.TS_Register"/>
</testsuite> <!-- com.tests.TS_Register -->
