<?xml version="1.0" encoding="UTF-8"?>
<!-- Generated by org.testng.reporters.JUnitReportReporter -->
<testsuite hostname="DESKTOP-0UNA812" name="com.tests.TS_Login" tests="2" failures="0" timestamp="18 Sep 2021 12:45:31 GMT" time="84.156" errors="0">
  <testcase name="TC_VerifyFirstname" time="38.217" classname="com.tests.TS_Login"/>
  <testcase name="TC_VerifyLogin_Functionality" time="45.939" classname="com.tests.TS_Login"/>
</testsuite> <!-- com.tests.TS_Login -->
