<?xml version="1.0" encoding="UTF-8"?>
<!-- Generated by org.testng.reporters.JUnitReportReporter -->
<testsuite hostname="DESKTOP-0UNA812" name="com.tests.StartChrome" tests="1" failures="0" timestamp="17 Sep 2021 14:45:51 GMT" time="247.087" errors="0">
  <testcase name="f" time="247.087" classname="com.tests.StartChrome"/>
</testsuite> <!-- com.tests.StartChrome -->
