<?xml version="1.0" encoding="UTF-8"?>
<!-- Generated by org.testng.reporters.JUnitReportReporter -->
<testsuite hostname="DESKTOP-0UNA812" name="com.tests.TS_Home" tests="1" failures="0" timestamp="18 Sep 2021 11:18:43 GMT" time="5.312" errors="0">
  <testcase name="TC_VerifyLoginButtonCLickable" time="5.312" classname="com.tests.TS_Home"/>
</testsuite> <!-- com.tests.TS_Home -->
